Unity Editor version:    2022.3.57f1 (9d8bd91adc0a)
Branch:                  2022.3/staging
Build type:              Release
Batch mode:              YES
macOS version:           Version 15.6 (Build 24G84)
Darwin version:          24.6.0
Architecture:            arm64
Running under Rosetta:   NO
Available memory:        32768 MB
Using pre-set license
Pro License: YES

COMMAND LINE ARGUMENTS:
/Applications/Unity/Hub/Editor/2022.3.57f1/Unity.app/Contents/MacOS/Unity
-adb2
-batchMode
-noUpm
-name
AssetImportWorker1
-projectPath
/Users/ceci/Documents/UAL/THESIS/PROTOTYPE/UNITY PROTOTYPE THESIS/MapBoxiNaturalistTest_02
-logFile
Logs/AssetImportWorker1.log
-srvPort
55564
Successfully changed project path to: /Users/ceci/Documents/UAL/THESIS/PROTOTYPE/UNITY PROTOTYPE THESIS/MapBoxiNaturalistTest_02
/Users/ceci/Documents/UAL/THESIS/PROTOTYPE/UNITY PROTOTYPE THESIS/MapBoxiNaturalistTest_02
[UnityMemory] Configuration Parameters - Can be set up in boot.config
    "memorysetup-bucket-allocator-granularity=16"
    "memorysetup-bucket-allocator-bucket-count=8"
    "memorysetup-bucket-allocator-block-size=33554432"
    "memorysetup-bucket-allocator-block-count=8"
    "memorysetup-main-allocator-block-size=16777216"
    "memorysetup-thread-allocator-block-size=16777216"
    "memorysetup-gfx-main-allocator-block-size=16777216"
    "memorysetup-gfx-thread-allocator-block-size=16777216"
    "memorysetup-cache-allocator-block-size=4194304"
    "memorysetup-typetree-allocator-block-size=2097152"
    "memorysetup-profiler-bucket-allocator-granularity=16"
    "memorysetup-profiler-bucket-allocator-bucket-count=8"
    "memorysetup-profiler-bucket-allocator-block-size=33554432"
    "memorysetup-profiler-bucket-allocator-block-count=8"
    "memorysetup-profiler-allocator-block-size=16777216"
    "memorysetup-profiler-editor-allocator-block-size=1048576"
    "memorysetup-temp-allocator-size-main=16777216"
    "memorysetup-job-temp-allocator-block-size=2097152"
    "memorysetup-job-temp-allocator-block-size-background=1048576"
    "memorysetup-job-temp-allocator-reduction-small-platforms=262144"
    "memorysetup-allocator-temp-initial-block-size-main=262144"
    "memorysetup-allocator-temp-initial-block-size-worker=262144"
    "memorysetup-temp-allocator-size-background-worker=32768"
    "memorysetup-temp-allocator-size-job-worker=262144"
    "memorysetup-temp-allocator-size-preload-manager=33554432"
    "memorysetup-temp-allocator-size-nav-mesh-worker=65536"
    "memorysetup-temp-allocator-size-audio-worker=65536"
    "memorysetup-temp-allocator-size-cloud-worker=32768"
    "memorysetup-temp-allocator-size-gi-baking-worker=262144"
    "memorysetup-temp-allocator-size-gfx=262144"
Player connection [8583372992]  Target information:

Player connection [8583372992]  * "[IP] 10.60.186.251 [Port] 0 [Flags] 2 [Guid] 3198499718 [EditorId] 3198499718 [Version] 1048832 [Id] OSXEditor(0,Cecis-MacBook-Pro-4.local) [Debug] 1 [PackageName] OSXEditor [ProjectName] Editor" 

Player connection [8583372992] Host joined multi-casting on [225.0.0.222:54997]...
Player connection [8583372992] Host joined alternative multi-casting on [225.0.0.222:34997]...
Input System module state changed to: Initialized.
[PhysX] Initialized MultithreadedTaskDispatcher with 12 workers.
Refreshing native plugins compatible for Editor in 15.88 ms, found 2 plugins.
Preloading 0 native plugins for Editor in 0.00 ms.
Initialize engine version: 2022.3.57f1 (9d8bd91adc0a)
[Subsystems] Discovering subsystems at path /Applications/Unity/Hub/Editor/2022.3.57f1/Unity.app/Contents/Resources/UnitySubsystems
[Subsystems] Discovering subsystems at path /Users/ceci/Documents/UAL/THESIS/PROTOTYPE/UNITY PROTOTYPE THESIS/MapBoxiNaturalistTest_02/Assets
GfxDevice: creating device client; threaded=0; jobified=0
 preferred device: Apple M2 Pro (high power)
Metal devices available: 1
0: Apple M2 Pro (high power)
Using device Apple M2 Pro (high power)
Initializing Metal device caps: Apple M2 Pro
Initialize mono
Mono path[0] = '/Applications/Unity/Hub/Editor/2022.3.57f1/Unity.app/Contents/Managed'
Mono path[1] = '/Applications/Unity/Hub/Editor/2022.3.57f1/Unity.app/Contents/MonoBleedingEdge/lib/mono/unityjit-macos'
Mono config path = '/Applications/Unity/Hub/Editor/2022.3.57f1/Unity.app/Contents/MonoBleedingEdge/etc'
Using monoOptions --debugger-agent=transport=dt_socket,embedding=1,server=y,suspend=n,address=127.0.0.1:56472
Begin MonoManager ReloadAssembly
Registering precompiled unity dll's ...
Register platform support module: /Applications/Unity/Hub/Editor/2022.3.57f1/Unity.app/Contents/PlaybackEngines/MacStandaloneSupport/UnityEditor.OSXStandalone.Extensions.dll
Register platform support module: /Applications/Unity/Hub/Editor/2022.3.57f1/PlaybackEngines/AndroidPlayer/UnityEditor.Android.Extensions.dll
Register platform support module: /Applications/Unity/Hub/Editor/2022.3.57f1/PlaybackEngines/iOSSupport/UnityEditor.iOS.Extensions.dll
Registered in 0.002284 seconds.
- Loaded All Assemblies, in  0.214 seconds
[usbmuxd] Start listen thread
[usbmuxd] Listen thread started
[usbmuxd] Send listen message
Native extension for iOS target not found
Native extension for Android target not found
Android Extension - Scanning For ADB Devices 85 ms
Native extension for OSXStandalone target not found
Mono: successfully reloaded assembly
- Finished resetting the current domain, in  0.313 seconds
Domain Reload Profiling: 527ms
	BeginReloadAssembly (49ms)
		ExecutionOrderSort (0ms)
		DisableScriptedObjects (0ms)
		BackupInstance (0ms)
		ReleaseScriptingObjects (0ms)
		CreateAndSetChildDomain (0ms)
	RebuildCommonClasses (24ms)
	RebuildNativeTypeToScriptingClass (7ms)
	initialDomainReloadingComplete (30ms)
	LoadAllAssembliesAndSetupDomain (103ms)
		LoadAssemblies (49ms)
		RebuildTransferFunctionScriptingTraits (0ms)
		AnalyzeDomain (102ms)
			TypeCache.Refresh (101ms)
				TypeCache.ScanAssembly (91ms)
			ScanForSourceGeneratedMonoScriptInfo (0ms)
			ResolveRequiredComponents (0ms)
	FinalizeReload (313ms)
		ReleaseScriptCaches (0ms)
		RebuildScriptCaches (0ms)
		SetupLoadedEditorAssemblies (284ms)
			LogAssemblyErrors (0ms)
			InitializePlatformSupportModulesInManaged (195ms)
			SetLoadedEditorAssemblies (3ms)
			RefreshPlugins (0ms)
			BeforeProcessingInitializeOnLoad (1ms)
			ProcessInitializeOnLoadAttributes (62ms)
			ProcessInitializeOnLoadMethodAttributes (23ms)
			AfterProcessingInitializeOnLoad (0ms)
			EditorAssembliesLoaded (0ms)
		ExecutionOrderSort2 (0ms)
		AwakeInstancesAfterBackupRestoration (0ms)
========================================================================
Worker process is ready to serve import requests
Caller must complete domain reload
Begin MonoManager ReloadAssembly
Symbol file LoadedFromMemory is not a mono symbol file
Symbol file LoadedFromMemory is not a mono symbol file
- Loaded All Assemblies, in  0.429 seconds
Native extension for iOS target not found
Native extension for Android target not found
Native extension for OSXStandalone target not found
Mono: successfully reloaded assembly
- Finished resetting the current domain, in  0.566 seconds
Domain Reload Profiling: 997ms
	BeginReloadAssembly (76ms)
		ExecutionOrderSort (0ms)
		DisableScriptedObjects (3ms)
		BackupInstance (0ms)
		ReleaseScriptingObjects (0ms)
		CreateAndSetChildDomain (17ms)
	RebuildCommonClasses (22ms)
	RebuildNativeTypeToScriptingClass (8ms)
	initialDomainReloadingComplete (23ms)
	LoadAllAssembliesAndSetupDomain (302ms)
		LoadAssemblies (212ms)
		RebuildTransferFunctionScriptingTraits (0ms)
		AnalyzeDomain (124ms)
			TypeCache.Refresh (110ms)
				TypeCache.ScanAssembly (98ms)
			ScanForSourceGeneratedMonoScriptInfo (8ms)
			ResolveRequiredComponents (5ms)
	FinalizeReload (567ms)
		ReleaseScriptCaches (0ms)
		RebuildScriptCaches (0ms)
		SetupLoadedEditorAssemblies (459ms)
			LogAssemblyErrors (0ms)
			InitializePlatformSupportModulesInManaged (15ms)
			SetLoadedEditorAssemblies (2ms)
			RefreshPlugins (0ms)
			BeforeProcessingInitializeOnLoad (30ms)
			ProcessInitializeOnLoadAttributes (401ms)
			ProcessInitializeOnLoadMethodAttributes (11ms)
			AfterProcessingInitializeOnLoad (1ms)
			EditorAssembliesLoaded (0ms)
		ExecutionOrderSort2 (0ms)
		AwakeInstancesAfterBackupRestoration (2ms)
Launching external process: /Applications/Unity/Hub/Editor/2022.3.57f1/Unity.app/Contents/Tools/UnityShaderCompiler
Launched and connected shader compiler UnityShaderCompiler after 0.03 seconds
Refreshing native plugins compatible for Editor in 3.47 ms, found 2 plugins.
Preloading 0 native plugins for Editor in 0.00 ms.
Unloading 3847 Unused Serialized files (Serialized files now loaded: 0)
Unloading 26 unused Assets / (53.8 KB). Loaded Objects now: 4331.
Memory consumption went from 172.7 MB to 172.7 MB.
Total: 2.590125 ms (FindLiveObjects: 0.136458 ms CreateObjectMapping: 0.060791 ms MarkObjects: 2.300667 ms  DeleteObjects: 0.091292 ms)

AssetImportParameters requested are different than current active one (requested -> active):
  custom:container-demuxer-ogg: 62fdf1f143b41e24485cea50d1cbac27 -> 
  custom:video-decoder-ogg-theora: a1e56fd34408186e4bbccfd4996cb3dc -> 
  custom:CustomObjectIndexerAttribute: 9a22284fe3817be447336de3de66b15e -> 
  custom:container-demuxer-webm: 4f35f7cbe854078d1ac9338744f61a02 -> 
  custom:container-muxer-webm: aa71ff27fc2769a1b78a27578f13a17b -> 
  custom:video-decoder-webm-vp8: 9c59270c3fd7afecdb556c50c9e8de78 -> 
  custom:SearchIndexIgnoredProperties: e643bd26f0fe6173181afceb89e7c659 -> 
  custom:AudioImporter_EditorPlatform: 3918e3fc78b5a79bad01e8451be0beb8 -> 
  custom:framework-osx-AVFoundation: e770b220cccbd017edd2c1fefb359320 -> 
  custom:video-encoder-webm-vp8: eb34c28f22e8b96e1ab97ce403110664 -> 
  custom:audio-decoder-ogg-vorbis: bf7c407c2cedff20999df2af8eb42d56 -> 
  custom:audio-encoder-webm-vorbis: bf7c407c2cedff20999df2af8eb42d56 -> 
========================================================================
Received Import Request.
  Time since last request: 185748.921057 seconds.
  path: Assets/LMHPOLY/Low Poly Nature Bundle/Trees/Tree Assets/Prefabs/Trees/LOD/No_Bottoms/Apple_Trees/Apple_Tree_NoLeaves_crk_s_01_LOD.prefab
  artifactKey: Guid(335d57c5e6ed52f4594b0a20f4fc1ac6) Importer(815301076,1909f56bfc062723c751e8b465ee728b)
Start importing Assets/LMHPOLY/Low Poly Nature Bundle/Trees/Tree Assets/Prefabs/Trees/LOD/No_Bottoms/Apple_Trees/Apple_Tree_NoLeaves_crk_s_01_LOD.prefab using Guid(335d57c5e6ed52f4594b0a20f4fc1ac6) Importer(815301076,1909f56bfc062723c751e8b465ee728b) [PhysX] Initialized MultithreadedTaskDispatcher with 12 workers.
[PhysX] Initialized MultithreadedTaskDispatcher with 12 workers.
 -> (artifact id: '291748a5215d07c64f7138298a13ba51') in 0.063115 seconds
Number of updated asset objects reloaded before import = 0
Number of asset objects unloaded after import = 28
========================================================================
Received Import Request.
  Time since last request: 0.000039 seconds.
  path: Assets/LMHPOLY/Low Poly Nature Bundle/Trees/Tree Assets/Prefabs/Trees/LOD/No_Bottoms/Apple_Trees/Apple_Tree_Apples_s_02_LOD.prefab
  artifactKey: Guid(b39aa77430cdc0c498a37bdf07ead2a6) Importer(815301076,1909f56bfc062723c751e8b465ee728b)
Start importing Assets/LMHPOLY/Low Poly Nature Bundle/Trees/Tree Assets/Prefabs/Trees/LOD/No_Bottoms/Apple_Trees/Apple_Tree_Apples_s_02_LOD.prefab using Guid(b39aa77430cdc0c498a37bdf07ead2a6) Importer(815301076,1909f56bfc062723c751e8b465ee728b) [PhysX] Initialized MultithreadedTaskDispatcher with 12 workers.
[PhysX] Initialized MultithreadedTaskDispatcher with 12 workers.
 -> (artifact id: '56f4599deea16186f6dfb4e8a42b78d5') in 0.005625 seconds
Number of updated asset objects reloaded before import = 0
Number of asset objects unloaded after import = 28
========================================================================
Received Import Request.
  Time since last request: 0.000034 seconds.
  path: Assets/LMHPOLY/Low Poly Nature Bundle/Trees/Tree Assets/Prefabs/Trees/LOD/No_Bottoms/Apple_Trees/Apple_Tree_NoLeaves_m_05_LOD.prefab
  artifactKey: Guid(2691b7869b57c4f40974ca7ada20d22b) Importer(815301076,1909f56bfc062723c751e8b465ee728b)
Start importing Assets/LMHPOLY/Low Poly Nature Bundle/Trees/Tree Assets/Prefabs/Trees/LOD/No_Bottoms/Apple_Trees/Apple_Tree_NoLeaves_m_05_LOD.prefab using Guid(2691b7869b57c4f40974ca7ada20d22b) Importer(815301076,1909f56bfc062723c751e8b465ee728b) [PhysX] Initialized MultithreadedTaskDispatcher with 12 workers.
[PhysX] Initialized MultithreadedTaskDispatcher with 12 workers.
 -> (artifact id: 'a485e07b1331605934b762191aa308f2') in 0.004615 seconds
Number of updated asset objects reloaded before import = 0
Number of asset objects unloaded after import = 34
========================================================================
Received Import Request.
  Time since last request: 0.000043 seconds.
  path: Assets/LMHPOLY/Low Poly Nature Bundle/Trees/Tree Assets/Prefabs/Trees/LOD/No_Bottoms/Apple_Trees/Apple_Tree_crk_m_01_LOD.prefab
  artifactKey: Guid(88b8b61c0b0867a44a3743f9d9841e15) Importer(815301076,1909f56bfc062723c751e8b465ee728b)
Start importing Assets/LMHPOLY/Low Poly Nature Bundle/Trees/Tree Assets/Prefabs/Trees/LOD/No_Bottoms/Apple_Trees/Apple_Tree_crk_m_01_LOD.prefab using Guid(88b8b61c0b0867a44a3743f9d9841e15) Importer(815301076,1909f56bfc062723c751e8b465ee728b) [PhysX] Initialized MultithreadedTaskDispatcher with 12 workers.
[PhysX] Initialized MultithreadedTaskDispatcher with 12 workers.
 -> (artifact id: 'aade1219ee56ef6042d2fee3ea5c59ab') in 0.005016 seconds
Number of updated asset objects reloaded before import = 0
Number of asset objects unloaded after import = 34
========================================================================
Received Import Request.
  Time since last request: 0.000036 seconds.
  path: Assets/LMHPOLY/Low Poly Nature Bundle/Trees/Tree Assets/Prefabs/Trees/LOD/No_Bottoms/Apple_Trees/Apple_Tree_Apples_m_06_LOD.prefab
  artifactKey: Guid(b4ff1e0b28d3b69418a70b4760e84066) Importer(815301076,1909f56bfc062723c751e8b465ee728b)
Start importing Assets/LMHPOLY/Low Poly Nature Bundle/Trees/Tree Assets/Prefabs/Trees/LOD/No_Bottoms/Apple_Trees/Apple_Tree_Apples_m_06_LOD.prefab using Guid(b4ff1e0b28d3b69418a70b4760e84066) Importer(815301076,1909f56bfc062723c751e8b465ee728b) [PhysX] Initialized MultithreadedTaskDispatcher with 12 workers.
[PhysX] Initialized MultithreadedTaskDispatcher with 12 workers.
 -> (artifact id: '272ba6f6100674c041dcb978fd0735cc') in 0.005279 seconds
Number of updated asset objects reloaded before import = 0
Number of asset objects unloaded after import = 34
========================================================================
Received Import Request.
  Time since last request: 0.000036 seconds.
  path: Assets/LMHPOLY/Low Poly Nature Bundle/Trees/Tree Assets/Prefabs/Trees/LOD/No_Bottoms/Apple_Trees/Apple_Tree_m_03_LOD.prefab
  artifactKey: Guid(838475a463dde144fa764fd1783102f6) Importer(815301076,1909f56bfc062723c751e8b465ee728b)
Start importing Assets/LMHPOLY/Low Poly Nature Bundle/Trees/Tree Assets/Prefabs/Trees/LOD/No_Bottoms/Apple_Trees/Apple_Tree_m_03_LOD.prefab using Guid(838475a463dde144fa764fd1783102f6) Importer(815301076,1909f56bfc062723c751e8b465ee728b) [PhysX] Initialized MultithreadedTaskDispatcher with 12 workers.
[PhysX] Initialized MultithreadedTaskDispatcher with 12 workers.
 -> (artifact id: '09851145a1639777d6d8ac0551cc7665') in 0.005247 seconds
Number of updated asset objects reloaded before import = 0
Number of asset objects unloaded after import = 34
========================================================================
Received Import Request.
  Time since last request: 0.000043 seconds.
  path: Assets/LMHPOLY/Low Poly Nature Bundle/Trees/Tree Assets/Prefabs/Trees/LOD/No_Bottoms/Apple_Trees/Apple_Tree_Apples_m_03_LOD.prefab
  artifactKey: Guid(46eac171b6d050a46b57437ee70f25d4) Importer(815301076,1909f56bfc062723c751e8b465ee728b)
Start importing Assets/LMHPOLY/Low Poly Nature Bundle/Trees/Tree Assets/Prefabs/Trees/LOD/No_Bottoms/Apple_Trees/Apple_Tree_Apples_m_03_LOD.prefab using Guid(46eac171b6d050a46b57437ee70f25d4) Importer(815301076,1909f56bfc062723c751e8b465ee728b) [PhysX] Initialized MultithreadedTaskDispatcher with 12 workers.
[PhysX] Initialized MultithreadedTaskDispatcher with 12 workers.
 -> (artifact id: '6c43096ddecbdfb4a66bf5e185fd28f3') in 0.004952 seconds
Number of updated asset objects reloaded before import = 0
Number of asset objects unloaded after import = 34
========================================================================
Received Import Request.
  Time since last request: 0.000049 seconds.
  path: Assets/LMHPOLY/Low Poly Nature Bundle/Trees/Tree Assets/Prefabs/Trees/LOD/No_Bottoms/Apple_Trees/Apple_Tree_Apples_m_07_LOD.prefab
  artifactKey: Guid(ef578560bd451c7408173ac86b8333d2) Importer(815301076,1909f56bfc062723c751e8b465ee728b)
Start importing Assets/LMHPOLY/Low Poly Nature Bundle/Trees/Tree Assets/Prefabs/Trees/LOD/No_Bottoms/Apple_Trees/Apple_Tree_Apples_m_07_LOD.prefab using Guid(ef578560bd451c7408173ac86b8333d2) Importer(815301076,1909f56bfc062723c751e8b465ee728b) [PhysX] Initialized MultithreadedTaskDispatcher with 12 workers.
[PhysX] Initialized MultithreadedTaskDispatcher with 12 workers.
 -> (artifact id: 'e94dee2c1a14a5ba35fdd60317041620') in 0.006318 seconds
Number of updated asset objects reloaded before import = 0
Number of asset objects unloaded after import = 40
========================================================================
Received Import Request.
  Time since last request: 0.000035 seconds.
  path: Assets/LMHPOLY/Low Poly Nature Bundle/Trees/Tree Assets/Prefabs/Trees/LOD/No_Bottoms/Apple_Trees/Apple_Tree_NoLeaves_crk_m_04_LOD.prefab
  artifactKey: Guid(28ad708129b333a43a1700e0c144461f) Importer(815301076,1909f56bfc062723c751e8b465ee728b)
Start importing Assets/LMHPOLY/Low Poly Nature Bundle/Trees/Tree Assets/Prefabs/Trees/LOD/No_Bottoms/Apple_Trees/Apple_Tree_NoLeaves_crk_m_04_LOD.prefab using Guid(28ad708129b333a43a1700e0c144461f) Importer(815301076,1909f56bfc062723c751e8b465ee728b) [PhysX] Initialized MultithreadedTaskDispatcher with 12 workers.
[PhysX] Initialized MultithreadedTaskDispatcher with 12 workers.
 -> (artifact id: '6ef4d2a995641c461d1fd25cca33094e') in 0.005485 seconds
Number of updated asset objects reloaded before import = 0
Number of asset objects unloaded after import = 40
========================================================================
Received Import Request.
  Time since last request: 0.000047 seconds.
  path: Assets/LMHPOLY/Low Poly Nature Bundle/Trees/Tree Assets/Prefabs/Trees/LOD/No_Bottoms/Apple_Trees/Apple_Tree_crk_m_02_LOD.prefab
  artifactKey: Guid(c0b3ff0e9ace7824fbc4993c86f03c20) Importer(815301076,1909f56bfc062723c751e8b465ee728b)
Start importing Assets/LMHPOLY/Low Poly Nature Bundle/Trees/Tree Assets/Prefabs/Trees/LOD/No_Bottoms/Apple_Trees/Apple_Tree_crk_m_02_LOD.prefab using Guid(c0b3ff0e9ace7824fbc4993c86f03c20) Importer(815301076,1909f56bfc062723c751e8b465ee728b) [PhysX] Initialized MultithreadedTaskDispatcher with 12 workers.
[PhysX] Initialized MultithreadedTaskDispatcher with 12 workers.
 -> (artifact id: 'def825a13deadfce1c73c2a5aa22538b') in 0.004588 seconds
Number of updated asset objects reloaded before import = 0
Number of asset objects unloaded after import = 28
========================================================================
Received Import Request.
  Time since last request: 0.000038 seconds.
  path: Assets/LMHPOLY/Low Poly Nature Bundle/Trees/Tree Assets/Prefabs/Trees/LOD/No_Bottoms/Apple_Trees/Apple_Tree_Apples_m_08_LOD.prefab
  artifactKey: Guid(d6c3f1067673165499eeee575436b397) Importer(815301076,1909f56bfc062723c751e8b465ee728b)
Start importing Assets/LMHPOLY/Low Poly Nature Bundle/Trees/Tree Assets/Prefabs/Trees/LOD/No_Bottoms/Apple_Trees/Apple_Tree_Apples_m_08_LOD.prefab using Guid(d6c3f1067673165499eeee575436b397) Importer(815301076,1909f56bfc062723c751e8b465ee728b) [PhysX] Initialized MultithreadedTaskDispatcher with 12 workers.
[PhysX] Initialized MultithreadedTaskDispatcher with 12 workers.
 -> (artifact id: 'c21eb4daa5237fde1091b0af68ede508') in 0.005776 seconds
Number of updated asset objects reloaded before import = 0
Number of asset objects unloaded after import = 40
========================================================================
Received Import Request.
  Time since last request: 0.000174 seconds.
  path: Assets/LMHPOLY/Low Poly Nature Bundle/Trees/Tree Assets/Prefabs/Trees/LOD/No_Bottoms/Apple_Trees/Apple_Tree_NoLeaves_m_03_LOD.prefab
  artifactKey: Guid(3d78b43670df12b4cbbcf8bb817daa56) Importer(815301076,1909f56bfc062723c751e8b465ee728b)
Start importing Assets/LMHPOLY/Low Poly Nature Bundle/Trees/Tree Assets/Prefabs/Trees/LOD/No_Bottoms/Apple_Trees/Apple_Tree_NoLeaves_m_03_LOD.prefab using Guid(3d78b43670df12b4cbbcf8bb817daa56) Importer(815301076,1909f56bfc062723c751e8b465ee728b) [PhysX] Initialized MultithreadedTaskDispatcher with 12 workers.
[PhysX] Initialized MultithreadedTaskDispatcher with 12 workers.
 -> (artifact id: '0a393b257e4516e4596215398c008dbc') in 0.004312 seconds
Number of updated asset objects reloaded before import = 0
Number of asset objects unloaded after import = 28
========================================================================
Received Import Request.
  Time since last request: 0.000101 seconds.
  path: Assets/LMHPOLY/Low Poly Nature Bundle/Trees/Tree Assets/Prefabs/Trees/LOD/No_Bottoms/Apple_Trees/Apple_Tree_s_01_LOD.prefab
  artifactKey: Guid(daa5a91a5c96d2c4eadd75bd92e4d755) Importer(815301076,1909f56bfc062723c751e8b465ee728b)
Start importing Assets/LMHPOLY/Low Poly Nature Bundle/Trees/Tree Assets/Prefabs/Trees/LOD/No_Bottoms/Apple_Trees/Apple_Tree_s_01_LOD.prefab using Guid(daa5a91a5c96d2c4eadd75bd92e4d755) Importer(815301076,1909f56bfc062723c751e8b465ee728b) [PhysX] Initialized MultithreadedTaskDispatcher with 12 workers.
[PhysX] Initialized MultithreadedTaskDispatcher with 12 workers.
 -> (artifact id: 'eddeb34172bffa54c1950924d55105a6') in 0.004642 seconds
Number of updated asset objects reloaded before import = 0
Number of asset objects unloaded after import = 28
========================================================================
Received Import Request.
  Time since last request: 0.000036 seconds.
  path: Assets/LMHPOLY/Low Poly Nature Bundle/Trees/Tree Assets/Prefabs/Trees/LOD/No_Bottoms/Apple_Trees/Apple_Tree_m_07_LOD.prefab
  artifactKey: Guid(702c67ac97876154d955324d8cfb8f6c) Importer(815301076,1909f56bfc062723c751e8b465ee728b)
Start importing Assets/LMHPOLY/Low Poly Nature Bundle/Trees/Tree Assets/Prefabs/Trees/LOD/No_Bottoms/Apple_Trees/Apple_Tree_m_07_LOD.prefab using Guid(702c67ac97876154d955324d8cfb8f6c) Importer(815301076,1909f56bfc062723c751e8b465ee728b) [PhysX] Initialized MultithreadedTaskDispatcher with 12 workers.
[PhysX] Initialized MultithreadedTaskDispatcher with 12 workers.
 -> (artifact id: 'd896be635666b5b11cf5ad60ab652532') in 0.004582 seconds
Number of updated asset objects reloaded before import = 0
Number of asset objects unloaded after import = 40
========================================================================
Received Import Request.
  Time since last request: 0.000029 seconds.
  path: Assets/LMHPOLY/Low Poly Nature Bundle/Trees/Tree Assets/Prefabs/Trees/LOD/No_Bottoms/Apple_Trees/Apple_Tree_crk_m_03_LOD.prefab
  artifactKey: Guid(8edd65e6d667fab44a17bfc83491f001) Importer(815301076,1909f56bfc062723c751e8b465ee728b)
Start importing Assets/LMHPOLY/Low Poly Nature Bundle/Trees/Tree Assets/Prefabs/Trees/LOD/No_Bottoms/Apple_Trees/Apple_Tree_crk_m_03_LOD.prefab using Guid(8edd65e6d667fab44a17bfc83491f001) Importer(815301076,1909f56bfc062723c751e8b465ee728b) [PhysX] Initialized MultithreadedTaskDispatcher with 12 workers.
[PhysX] Initialized MultithreadedTaskDispatcher with 12 workers.
 -> (artifact id: '0c7161af62ecc37df22e28a545bb7af9') in 0.004875 seconds
Number of updated asset objects reloaded before import = 0
Number of asset objects unloaded after import = 40
========================================================================
Received Import Request.
  Time since last request: 0.000041 seconds.
  path: Assets/LMHPOLY/Low Poly Nature Bundle/Trees/Tree Assets/Prefabs/Trees/LOD/No_Bottoms/Apple_Trees/Apple_Tree_NoLeaves_m_08_LOD.prefab
  artifactKey: Guid(44a455b007fd8c6459b05c10e9a61c0e) Importer(815301076,1909f56bfc062723c751e8b465ee728b)
Start importing Assets/LMHPOLY/Low Poly Nature Bundle/Trees/Tree Assets/Prefabs/Trees/LOD/No_Bottoms/Apple_Trees/Apple_Tree_NoLeaves_m_08_LOD.prefab using Guid(44a455b007fd8c6459b05c10e9a61c0e) Importer(815301076,1909f56bfc062723c751e8b465ee728b) [PhysX] Initialized MultithreadedTaskDispatcher with 12 workers.
[PhysX] Initialized MultithreadedTaskDispatcher with 12 workers.
 -> (artifact id: '7db1c741a193ae710f717e803b868abe') in 0.004538 seconds
Number of updated asset objects reloaded before import = 0
Number of asset objects unloaded after import = 40
========================================================================
Received Import Request.
  Time since last request: 0.000037 seconds.
  path: Assets/LMHPOLY/Low Poly Nature Bundle/Trees/Tree Assets/Prefabs/Trees/LOD/No_Bottoms/Apple_Trees/Apple_Tree_crk_s_02_LOD.prefab
  artifactKey: Guid(932232c06247187408fda06cdaaf4eee) Importer(815301076,1909f56bfc062723c751e8b465ee728b)
Start importing Assets/LMHPOLY/Low Poly Nature Bundle/Trees/Tree Assets/Prefabs/Trees/LOD/No_Bottoms/Apple_Trees/Apple_Tree_crk_s_02_LOD.prefab using Guid(932232c06247187408fda06cdaaf4eee) Importer(815301076,1909f56bfc062723c751e8b465ee728b) [PhysX] Initialized MultithreadedTaskDispatcher with 12 workers.
[PhysX] Initialized MultithreadedTaskDispatcher with 12 workers.
 -> (artifact id: 'fb472b68c1b59a926e4dfb6ded5ccf1b') in 0.004864 seconds
Number of updated asset objects reloaded before import = 0
Number of asset objects unloaded after import = 28
========================================================================
Received Import Request.
  Time since last request: 0.000358 seconds.
  path: Assets/LMHPOLY/Low Poly Nature Bundle/Trees/Tree Assets/Prefabs/Trees/LOD/No_Bottoms/Apple_Trees/Apple_Tree_s_02_LOD.prefab
  artifactKey: Guid(e8d4fcbcdf28fac4f87cd2eca01840e6) Importer(815301076,1909f56bfc062723c751e8b465ee728b)
Start importing Assets/LMHPOLY/Low Poly Nature Bundle/Trees/Tree Assets/Prefabs/Trees/LOD/No_Bottoms/Apple_Trees/Apple_Tree_s_02_LOD.prefab using Guid(e8d4fcbcdf28fac4f87cd2eca01840e6) Importer(815301076,1909f56bfc062723c751e8b465ee728b) [PhysX] Initialized MultithreadedTaskDispatcher with 12 workers.
[PhysX] Initialized MultithreadedTaskDispatcher with 12 workers.
 -> (artifact id: '2d6e79b7f919fd870868823a26a07ff4') in 0.004738 seconds
Number of updated asset objects reloaded before import = 0
Number of asset objects unloaded after import = 28
========================================================================
Received Import Request.
  Time since last request: 0.000030 seconds.
  path: Assets/LMHPOLY/Low Poly Nature Bundle/Trees/Tree Assets/Prefabs/Trees/LOD/No_Bottoms/Apple_Trees/Apple_Tree_crk_m_04_LOD.prefab
  artifactKey: Guid(12630938e7cfa8e4fab41e45efa6b618) Importer(815301076,1909f56bfc062723c751e8b465ee728b)
Start importing Assets/LMHPOLY/Low Poly Nature Bundle/Trees/Tree Assets/Prefabs/Trees/LOD/No_Bottoms/Apple_Trees/Apple_Tree_crk_m_04_LOD.prefab using Guid(12630938e7cfa8e4fab41e45efa6b618) Importer(815301076,1909f56bfc062723c751e8b465ee728b) [PhysX] Initialized MultithreadedTaskDispatcher with 12 workers.
[PhysX] Initialized MultithreadedTaskDispatcher with 12 workers.
 -> (artifact id: '01d072e9a1016607715fe94bc0d17a84') in 0.004464 seconds
Number of updated asset objects reloaded before import = 0
Number of asset objects unloaded after import = 40
========================================================================
Received Import Request.
  Time since last request: 0.000033 seconds.
  path: Assets/LMHPOLY/Low Poly Nature Bundle/Trees/Tree Assets/Prefabs/Trees/LOD/No_Bottoms/Apple_Trees/Apple_Tree_m_05_LOD.prefab
  artifactKey: Guid(788c48565b5a4a047bc86cb5ecae93c3) Importer(815301076,1909f56bfc062723c751e8b465ee728b)
Start importing Assets/LMHPOLY/Low Poly Nature Bundle/Trees/Tree Assets/Prefabs/Trees/LOD/No_Bottoms/Apple_Trees/Apple_Tree_m_05_LOD.prefab using Guid(788c48565b5a4a047bc86cb5ecae93c3) Importer(815301076,1909f56bfc062723c751e8b465ee728b) [PhysX] Initialized MultithreadedTaskDispatcher with 12 workers.
[PhysX] Initialized MultithreadedTaskDispatcher with 12 workers.
 -> (artifact id: '7c5dc0f5102e84fa33fb429478b38b19') in 0.005291 seconds
Number of updated asset objects reloaded before import = 0
Number of asset objects unloaded after import = 34
========================================================================
Received Import Request.
  Time since last request: 0.000036 seconds.
  path: Assets/LMHPOLY/Low Poly Nature Bundle/Trees/Tree Assets/Prefabs/Trees/LOD/No_Bottoms/Apple_Trees/Apple_Tree_NoLeaves_m_06_LOD.prefab
  artifactKey: Guid(ae8755d4217b7354a8a00cb73347f699) Importer(815301076,1909f56bfc062723c751e8b465ee728b)
Start importing Assets/LMHPOLY/Low Poly Nature Bundle/Trees/Tree Assets/Prefabs/Trees/LOD/No_Bottoms/Apple_Trees/Apple_Tree_NoLeaves_m_06_LOD.prefab using Guid(ae8755d4217b7354a8a00cb73347f699) Importer(815301076,1909f56bfc062723c751e8b465ee728b) [PhysX] Initialized MultithreadedTaskDispatcher with 12 workers.
[PhysX] Initialized MultithreadedTaskDispatcher with 12 workers.
 -> (artifact id: '1039d79172817a157e0d7acbe0b03d36') in 0.004285 seconds
Number of updated asset objects reloaded before import = 0
Number of asset objects unloaded after import = 34
========================================================================
Received Import Request.
  Time since last request: 0.000028 seconds.
  path: Assets/LMHPOLY/Low Poly Nature Bundle/Trees/Tree Assets/Prefabs/Trees/LOD/No_Bottoms/Apple_Trees/Apple_Tree_Apples_crk_m_02_LOD.prefab
  artifactKey: Guid(c8bc1f29e3cb1c74d9b17687d5424232) Importer(815301076,1909f56bfc062723c751e8b465ee728b)
Start importing Assets/LMHPOLY/Low Poly Nature Bundle/Trees/Tree Assets/Prefabs/Trees/LOD/No_Bottoms/Apple_Trees/Apple_Tree_Apples_crk_m_02_LOD.prefab using Guid(c8bc1f29e3cb1c74d9b17687d5424232) Importer(815301076,1909f56bfc062723c751e8b465ee728b) [PhysX] Initialized MultithreadedTaskDispatcher with 12 workers.
[PhysX] Initialized MultithreadedTaskDispatcher with 12 workers.
 -> (artifact id: '481f9bf3454124986264c18799c022a5') in 0.004216 seconds
Number of updated asset objects reloaded before import = 0
Number of asset objects unloaded after import = 28
========================================================================
Received Import Request.
  Time since last request: 0.000036 seconds.
  path: Assets/LMHPOLY/Low Poly Nature Bundle/Trees/Tree Assets/Prefabs/Trees/LOD/No_Bottoms/Apple_Trees/Apple_Tree_m_08_LOD.prefab
  artifactKey: Guid(c7cfa27896bc19440b87adef52ac810f) Importer(815301076,1909f56bfc062723c751e8b465ee728b)
Start importing Assets/LMHPOLY/Low Poly Nature Bundle/Trees/Tree Assets/Prefabs/Trees/LOD/No_Bottoms/Apple_Trees/Apple_Tree_m_08_LOD.prefab using Guid(c7cfa27896bc19440b87adef52ac810f) Importer(815301076,1909f56bfc062723c751e8b465ee728b) [PhysX] Initialized MultithreadedTaskDispatcher with 12 workers.
[PhysX] Initialized MultithreadedTaskDispatcher with 12 workers.
 -> (artifact id: 'fd02ff0278516e3470e3388f1c810b08') in 0.004294 seconds
Number of updated asset objects reloaded before import = 0
Number of asset objects unloaded after import = 40
========================================================================
Received Import Request.
  Time since last request: 0.000035 seconds.
  path: Assets/LMHPOLY/Low Poly Nature Bundle/Trees/Tree Assets/Prefabs/Trees/LOD/No_Bottoms/Apple_Trees/Apple_Tree_Apples_crk_s_01_LOD.prefab
  artifactKey: Guid(7efeb7d90a4d7614b9dac79ce6bcb18a) Importer(815301076,1909f56bfc062723c751e8b465ee728b)
Start importing Assets/LMHPOLY/Low Poly Nature Bundle/Trees/Tree Assets/Prefabs/Trees/LOD/No_Bottoms/Apple_Trees/Apple_Tree_Apples_crk_s_01_LOD.prefab using Guid(7efeb7d90a4d7614b9dac79ce6bcb18a) Importer(815301076,1909f56bfc062723c751e8b465ee728b) [PhysX] Initialized MultithreadedTaskDispatcher with 12 workers.
[PhysX] Initialized MultithreadedTaskDispatcher with 12 workers.
 -> (artifact id: 'c59fbe0f06fd7aa24c44ac88471f41d4') in 0.004526 seconds
Number of updated asset objects reloaded before import = 0
Number of asset objects unloaded after import = 28
========================================================================
Received Import Request.
  Time since last request: 0.000029 seconds.
  path: Assets/LMHPOLY/Low Poly Nature Bundle/Trees/Tree Assets/Prefabs/Trees/LOD/No_Bottoms/Apple_Trees/Apple_Tree_Apples_s_03_LOD.prefab
  artifactKey: Guid(71d6e427409761140a02b08d6bd3fccd) Importer(815301076,1909f56bfc062723c751e8b465ee728b)
Start importing Assets/LMHPOLY/Low Poly Nature Bundle/Trees/Tree Assets/Prefabs/Trees/LOD/No_Bottoms/Apple_Trees/Apple_Tree_Apples_s_03_LOD.prefab using Guid(71d6e427409761140a02b08d6bd3fccd) Importer(815301076,1909f56bfc062723c751e8b465ee728b) [PhysX] Initialized MultithreadedTaskDispatcher with 12 workers.
[PhysX] Initialized MultithreadedTaskDispatcher with 12 workers.
 -> (artifact id: 'd54d9b645a936527b7032eb2de688bee') in 0.004806 seconds
Number of updated asset objects reloaded before import = 0
Number of asset objects unloaded after import = 28
========================================================================
Received Import Request.
  Time since last request: 0.000041 seconds.
  path: Assets/LMHPOLY/Low Poly Nature Bundle/Trees/Tree Assets/Prefabs/Trees/LOD/No_Bottoms/Apple_Trees/Apple_Tree_NoLeaves_m_02_LOD.prefab
  artifactKey: Guid(65fd7328b1c0fb34ba3a6c8fc2f23314) Importer(815301076,1909f56bfc062723c751e8b465ee728b)
Start importing Assets/LMHPOLY/Low Poly Nature Bundle/Trees/Tree Assets/Prefabs/Trees/LOD/No_Bottoms/Apple_Trees/Apple_Tree_NoLeaves_m_02_LOD.prefab using Guid(65fd7328b1c0fb34ba3a6c8fc2f23314) Importer(815301076,1909f56bfc062723c751e8b465ee728b) [PhysX] Initialized MultithreadedTaskDispatcher with 12 workers.
[PhysX] Initialized MultithreadedTaskDispatcher with 12 workers.
 -> (artifact id: 'b5eaf51887065f554f9115d1a17a50b5') in 0.004430 seconds
Number of updated asset objects reloaded before import = 0
Number of asset objects unloaded after import = 28
========================================================================
Received Prepare
Caller must complete domain reload
Begin MonoManager ReloadAssembly
Thread 0x17f607000 may have been prematurely finalized
Symbol file LoadedFromMemory is not a mono symbol file
Symbol file LoadedFromMemory is not a mono symbol file
- Loaded All Assemblies, in  0.264 seconds
Native extension for iOS target not found
Native extension for Android target not found
Native extension for OSXStandalone target not found
Mono: successfully reloaded assembly
- Finished resetting the current domain, in  0.776 seconds
Domain Reload Profiling: 1040ms
	BeginReloadAssembly (81ms)
		ExecutionOrderSort (0ms)
		DisableScriptedObjects (2ms)
		BackupInstance (0ms)
		ReleaseScriptingObjects (0ms)
		CreateAndSetChildDomain (26ms)
	RebuildCommonClasses (20ms)
	RebuildNativeTypeToScriptingClass (7ms)
	initialDomainReloadingComplete (13ms)
	LoadAllAssembliesAndSetupDomain (142ms)
		LoadAssemblies (158ms)
		RebuildTransferFunctionScriptingTraits (0ms)
		AnalyzeDomain (15ms)
			TypeCache.Refresh (8ms)
				TypeCache.ScanAssembly (0ms)
			ScanForSourceGeneratedMonoScriptInfo (0ms)
			ResolveRequiredComponents (6ms)
	FinalizeReload (777ms)
		ReleaseScriptCaches (0ms)
		RebuildScriptCaches (0ms)
		SetupLoadedEditorAssemblies (294ms)
			LogAssemblyErrors (0ms)
			InitializePlatformSupportModulesInManaged (17ms)
			SetLoadedEditorAssemblies (2ms)
			RefreshPlugins (0ms)
			BeforeProcessingInitializeOnLoad (32ms)
			ProcessInitializeOnLoadAttributes (233ms)
			ProcessInitializeOnLoadMethodAttributes (10ms)
			AfterProcessingInitializeOnLoad (1ms)
			EditorAssembliesLoaded (0ms)
		ExecutionOrderSort2 (0ms)
		AwakeInstancesAfterBackupRestoration (2ms)
Refreshing native plugins compatible for Editor in 2.93 ms, found 2 plugins.
Preloading 0 native plugins for Editor in 0.00 ms.
Unloading 3821 Unused Serialized files (Serialized files now loaded: 0)
Unloading 21 unused Assets / (32.3 KB). Loaded Objects now: 4343.
Memory consumption went from 175.2 MB to 175.2 MB.
Total: 2.835125 ms (FindLiveObjects: 0.152792 ms CreateObjectMapping: 0.068667 ms MarkObjects: 2.579709 ms  DeleteObjects: 0.033666 ms)

Prepare: number of updated asset objects reloaded= 0
AssetImportParameters requested are different than current active one (requested -> active):
  custom:container-demuxer-ogg: 62fdf1f143b41e24485cea50d1cbac27 -> 
  custom:video-decoder-ogg-theora: a1e56fd34408186e4bbccfd4996cb3dc -> 
  custom:CustomObjectIndexerAttribute: 9a22284fe3817be447336de3de66b15e -> 
  custom:container-demuxer-webm: 4f35f7cbe854078d1ac9338744f61a02 -> 
  custom:container-muxer-webm: aa71ff27fc2769a1b78a27578f13a17b -> 
  custom:video-decoder-webm-vp8: 9c59270c3fd7afecdb556c50c9e8de78 -> 
  custom:SearchIndexIgnoredProperties: e643bd26f0fe6173181afceb89e7c659 -> 
  custom:AudioImporter_EditorPlatform: 3918e3fc78b5a79bad01e8451be0beb8 -> 
  custom:framework-osx-AVFoundation: e770b220cccbd017edd2c1fefb359320 -> 
  custom:video-encoder-webm-vp8: eb34c28f22e8b96e1ab97ce403110664 -> 
  custom:audio-decoder-ogg-vorbis: bf7c407c2cedff20999df2af8eb42d56 -> 
  custom:audio-encoder-webm-vorbis: bf7c407c2cedff20999df2af8eb42d56 -> 
TcpMessagingSession - receive error
AssetImportWorkerClient::OnTransportError - code=2 error=End of file
