Unity Editor version:    2022.3.57f1 (9d8bd91adc0a)
Branch:                  2022.3/staging
Build type:              Release
Batch mode:              YES
macOS version:           Version 15.6 (Build 24G84)
Darwin version:          24.6.0
Architecture:            arm64
Running under Rosetta:   NO
Available memory:        32768 MB
Using pre-set license
Pro License: YES

COMMAND LINE ARGUMENTS:
/Applications/Unity/Hub/Editor/2022.3.57f1/Unity.app/Contents/MacOS/Unity
-adb2
-batchMode
-noUpm
-name
AssetImportWorker2
-projectPath
/Users/ceci/Documents/UAL/THESIS/PROTOTYPE/UNITY PROTOTYPE THESIS/MapBoxiNaturalistTest_02
-logFile
Logs/AssetImportWorker2.log
-srvPort
55564
Successfully changed project path to: /Users/ceci/Documents/UAL/THESIS/PROTOTYPE/UNITY PROTOTYPE THESIS/MapBoxiNaturalistTest_02
/Users/ceci/Documents/UAL/THESIS/PROTOTYPE/UNITY PROTOTYPE THESIS/MapBoxiNaturalistTest_02
[UnityMemory] Configuration Parameters - Can be set up in boot.config
    "memorysetup-bucket-allocator-granularity=16"
    "memorysetup-bucket-allocator-bucket-count=8"
    "memorysetup-bucket-allocator-block-size=33554432"
    "memorysetup-bucket-allocator-block-count=8"
    "memorysetup-main-allocator-block-size=16777216"
    "memorysetup-thread-allocator-block-size=16777216"
    "memorysetup-gfx-main-allocator-block-size=16777216"
    "memorysetup-gfx-thread-allocator-block-size=16777216"
    "memorysetup-cache-allocator-block-size=4194304"
    "memorysetup-typetree-allocator-block-size=2097152"
    "memorysetup-profiler-bucket-allocator-granularity=16"
    "memorysetup-profiler-bucket-allocator-bucket-count=8"
    "memorysetup-profiler-bucket-allocator-block-size=33554432"
    "memorysetup-profiler-bucket-allocator-block-count=8"
    "memorysetup-profiler-allocator-block-size=16777216"
    "memorysetup-profiler-editor-allocator-block-size=1048576"
    "memorysetup-temp-allocator-size-main=16777216"
    "memorysetup-job-temp-allocator-block-size=2097152"
    "memorysetup-job-temp-allocator-block-size-background=1048576"
    "memorysetup-job-temp-allocator-reduction-small-platforms=262144"
    "memorysetup-allocator-temp-initial-block-size-main=262144"
    "memorysetup-allocator-temp-initial-block-size-worker=262144"
    "memorysetup-temp-allocator-size-background-worker=32768"
    "memorysetup-temp-allocator-size-job-worker=262144"
    "memorysetup-temp-allocator-size-preload-manager=33554432"
    "memorysetup-temp-allocator-size-nav-mesh-worker=65536"
    "memorysetup-temp-allocator-size-audio-worker=65536"
    "memorysetup-temp-allocator-size-cloud-worker=32768"
    "memorysetup-temp-allocator-size-gi-baking-worker=262144"
    "memorysetup-temp-allocator-size-gfx=262144"
Player connection [8583372992]  Target information:

Player connection [8583372992]  * "[IP] 10.60.186.251 [Port] 0 [Flags] 2 [Guid] 574429109 [EditorId] 574429109 [Version] 1048832 [Id] OSXEditor(0,Cecis-MacBook-Pro-4.local) [Debug] 1 [PackageName] OSXEditor [ProjectName] Editor" 

Player connection [8583372992] Host joined multi-casting on [225.0.0.222:54997]...
Player connection [8583372992] Host joined alternative multi-casting on [225.0.0.222:34997]...
Input System module state changed to: Initialized.
[PhysX] Initialized MultithreadedTaskDispatcher with 12 workers.
Refreshing native plugins compatible for Editor in 15.88 ms, found 2 plugins.
Preloading 0 native plugins for Editor in 0.00 ms.
Initialize engine version: 2022.3.57f1 (9d8bd91adc0a)
[Subsystems] Discovering subsystems at path /Applications/Unity/Hub/Editor/2022.3.57f1/Unity.app/Contents/Resources/UnitySubsystems
[Subsystems] Discovering subsystems at path /Users/ceci/Documents/UAL/THESIS/PROTOTYPE/UNITY PROTOTYPE THESIS/MapBoxiNaturalistTest_02/Assets
GfxDevice: creating device client; threaded=0; jobified=0
 preferred device: Apple M2 Pro (high power)
Metal devices available: 1
0: Apple M2 Pro (high power)
Using device Apple M2 Pro (high power)
Initializing Metal device caps: Apple M2 Pro
Initialize mono
Mono path[0] = '/Applications/Unity/Hub/Editor/2022.3.57f1/Unity.app/Contents/Managed'
Mono path[1] = '/Applications/Unity/Hub/Editor/2022.3.57f1/Unity.app/Contents/MonoBleedingEdge/lib/mono/unityjit-macos'
Mono config path = '/Applications/Unity/Hub/Editor/2022.3.57f1/Unity.app/Contents/MonoBleedingEdge/etc'
Using monoOptions --debugger-agent=transport=dt_socket,embedding=1,server=y,suspend=n,address=127.0.0.1:56474
Begin MonoManager ReloadAssembly
Registering precompiled unity dll's ...
Register platform support module: /Applications/Unity/Hub/Editor/2022.3.57f1/Unity.app/Contents/PlaybackEngines/MacStandaloneSupport/UnityEditor.OSXStandalone.Extensions.dll
Register platform support module: /Applications/Unity/Hub/Editor/2022.3.57f1/PlaybackEngines/AndroidPlayer/UnityEditor.Android.Extensions.dll
Register platform support module: /Applications/Unity/Hub/Editor/2022.3.57f1/PlaybackEngines/iOSSupport/UnityEditor.iOS.Extensions.dll
Registered in 0.003066 seconds.
- Loaded All Assemblies, in  0.212 seconds
[usbmuxd] Start listen thread
[usbmuxd] Listen thread started
[usbmuxd] Send listen message
Native extension for iOS target not found
Native extension for Android target not found
Android Extension - Scanning For ADB Devices 83 ms
Native extension for OSXStandalone target not found
Mono: successfully reloaded assembly
- Finished resetting the current domain, in  0.305 seconds
Domain Reload Profiling: 517ms
	BeginReloadAssembly (49ms)
		ExecutionOrderSort (0ms)
		DisableScriptedObjects (0ms)
		BackupInstance (0ms)
		ReleaseScriptingObjects (0ms)
		CreateAndSetChildDomain (0ms)
	RebuildCommonClasses (23ms)
	RebuildNativeTypeToScriptingClass (8ms)
	initialDomainReloadingComplete (31ms)
	LoadAllAssembliesAndSetupDomain (101ms)
		LoadAssemblies (49ms)
		RebuildTransferFunctionScriptingTraits (0ms)
		AnalyzeDomain (100ms)
			TypeCache.Refresh (99ms)
				TypeCache.ScanAssembly (90ms)
			ScanForSourceGeneratedMonoScriptInfo (0ms)
			ResolveRequiredComponents (0ms)
	FinalizeReload (306ms)
		ReleaseScriptCaches (0ms)
		RebuildScriptCaches (0ms)
		SetupLoadedEditorAssemblies (275ms)
			LogAssemblyErrors (0ms)
			InitializePlatformSupportModulesInManaged (185ms)
			SetLoadedEditorAssemblies (3ms)
			RefreshPlugins (0ms)
			BeforeProcessingInitializeOnLoad (1ms)
			ProcessInitializeOnLoadAttributes (61ms)
			ProcessInitializeOnLoadMethodAttributes (24ms)
			AfterProcessingInitializeOnLoad (0ms)
			EditorAssembliesLoaded (0ms)
		ExecutionOrderSort2 (0ms)
		AwakeInstancesAfterBackupRestoration (0ms)
========================================================================
Worker process is ready to serve import requests
Caller must complete domain reload
Begin MonoManager ReloadAssembly
Symbol file LoadedFromMemory is not a mono symbol file
Symbol file LoadedFromMemory is not a mono symbol file
- Loaded All Assemblies, in  0.432 seconds
Native extension for iOS target not found
Native extension for Android target not found
Native extension for OSXStandalone target not found
Mono: successfully reloaded assembly
- Finished resetting the current domain, in  0.562 seconds
Domain Reload Profiling: 996ms
	BeginReloadAssembly (77ms)
		ExecutionOrderSort (0ms)
		DisableScriptedObjects (3ms)
		BackupInstance (0ms)
		ReleaseScriptingObjects (0ms)
		CreateAndSetChildDomain (17ms)
	RebuildCommonClasses (22ms)
	RebuildNativeTypeToScriptingClass (8ms)
	initialDomainReloadingComplete (22ms)
	LoadAllAssembliesAndSetupDomain (305ms)
		LoadAssemblies (213ms)
		RebuildTransferFunctionScriptingTraits (0ms)
		AnalyzeDomain (128ms)
			TypeCache.Refresh (115ms)
				TypeCache.ScanAssembly (102ms)
			ScanForSourceGeneratedMonoScriptInfo (8ms)
			ResolveRequiredComponents (5ms)
	FinalizeReload (562ms)
		ReleaseScriptCaches (0ms)
		RebuildScriptCaches (0ms)
		SetupLoadedEditorAssemblies (456ms)
			LogAssemblyErrors (0ms)
			InitializePlatformSupportModulesInManaged (14ms)
			SetLoadedEditorAssemblies (2ms)
			RefreshPlugins (0ms)
			BeforeProcessingInitializeOnLoad (31ms)
			ProcessInitializeOnLoadAttributes (398ms)
			ProcessInitializeOnLoadMethodAttributes (10ms)
			AfterProcessingInitializeOnLoad (1ms)
			EditorAssembliesLoaded (0ms)
		ExecutionOrderSort2 (0ms)
		AwakeInstancesAfterBackupRestoration (2ms)
Launching external process: /Applications/Unity/Hub/Editor/2022.3.57f1/Unity.app/Contents/Tools/UnityShaderCompiler
Launched and connected shader compiler UnityShaderCompiler after 0.03 seconds
Refreshing native plugins compatible for Editor in 3.48 ms, found 2 plugins.
Preloading 0 native plugins for Editor in 0.00 ms.
Unloading 3847 Unused Serialized files (Serialized files now loaded: 0)
Unloading 26 unused Assets / (52.9 KB). Loaded Objects now: 4331.
Memory consumption went from 172.7 MB to 172.6 MB.
Total: 2.721958 ms (FindLiveObjects: 0.143292 ms CreateObjectMapping: 0.062875 ms MarkObjects: 2.434208 ms  DeleteObjects: 0.081458 ms)

AssetImportParameters requested are different than current active one (requested -> active):
  custom:container-demuxer-ogg: 62fdf1f143b41e24485cea50d1cbac27 -> 
  custom:video-decoder-ogg-theora: a1e56fd34408186e4bbccfd4996cb3dc -> 
  custom:CustomObjectIndexerAttribute: 9a22284fe3817be447336de3de66b15e -> 
  custom:container-demuxer-webm: 4f35f7cbe854078d1ac9338744f61a02 -> 
  custom:container-muxer-webm: aa71ff27fc2769a1b78a27578f13a17b -> 
  custom:video-decoder-webm-vp8: 9c59270c3fd7afecdb556c50c9e8de78 -> 
  custom:SearchIndexIgnoredProperties: e643bd26f0fe6173181afceb89e7c659 -> 
  custom:AudioImporter_EditorPlatform: 3918e3fc78b5a79bad01e8451be0beb8 -> 
  custom:framework-osx-AVFoundation: e770b220cccbd017edd2c1fefb359320 -> 
  custom:video-encoder-webm-vp8: eb34c28f22e8b96e1ab97ce403110664 -> 
  custom:audio-decoder-ogg-vorbis: bf7c407c2cedff20999df2af8eb42d56 -> 
  custom:audio-encoder-webm-vorbis: bf7c407c2cedff20999df2af8eb42d56 -> 
========================================================================
Received Import Request.
  Time since last request: 185748.921060 seconds.
  path: Assets/LMHPOLY/Low Poly Nature Bundle/Trees/Tree Assets/Prefabs/Trees/LOD/No_Bottoms/Apple_Trees/Apple_Tree_crk_s_01_LOD.prefab
  artifactKey: Guid(6e361170ef8c8254bbcadefba84da7dd) Importer(815301076,1909f56bfc062723c751e8b465ee728b)
Start importing Assets/LMHPOLY/Low Poly Nature Bundle/Trees/Tree Assets/Prefabs/Trees/LOD/No_Bottoms/Apple_Trees/Apple_Tree_crk_s_01_LOD.prefab using Guid(6e361170ef8c8254bbcadefba84da7dd) Importer(815301076,1909f56bfc062723c751e8b465ee728b) [PhysX] Initialized MultithreadedTaskDispatcher with 12 workers.
[PhysX] Initialized MultithreadedTaskDispatcher with 12 workers.
 -> (artifact id: '559deecbe87b6db753c902fd669796cc') in 0.063122 seconds
Number of updated asset objects reloaded before import = 0
Number of asset objects unloaded after import = 28
========================================================================
Received Import Request.
  Time since last request: 0.000041 seconds.
  path: Assets/LMHPOLY/Low Poly Nature Bundle/Trees/Tree Assets/Prefabs/Trees/LOD/No_Bottoms/Apple_Trees/Apple_Tree_NoLeaves_m_04_LOD.prefab
  artifactKey: Guid(e3cdb181dbdfa0d499180595d6c15430) Importer(815301076,1909f56bfc062723c751e8b465ee728b)
Start importing Assets/LMHPOLY/Low Poly Nature Bundle/Trees/Tree Assets/Prefabs/Trees/LOD/No_Bottoms/Apple_Trees/Apple_Tree_NoLeaves_m_04_LOD.prefab using Guid(e3cdb181dbdfa0d499180595d6c15430) Importer(815301076,1909f56bfc062723c751e8b465ee728b) [PhysX] Initialized MultithreadedTaskDispatcher with 12 workers.
[PhysX] Initialized MultithreadedTaskDispatcher with 12 workers.
 -> (artifact id: '3e59fb7bae8bf02397edc18dec50853d') in 0.005710 seconds
Number of updated asset objects reloaded before import = 0
Number of asset objects unloaded after import = 34
========================================================================
Received Import Request.
  Time since last request: 0.000037 seconds.
  path: Assets/LMHPOLY/Low Poly Nature Bundle/Trees/Tree Assets/Prefabs/Trees/LOD/No_Bottoms/Apple_Trees/Apple_Tree_Apples_crk_m_01_LOD.prefab
  artifactKey: Guid(6802d44059df2df48801e12a06ab2652) Importer(815301076,1909f56bfc062723c751e8b465ee728b)
Start importing Assets/LMHPOLY/Low Poly Nature Bundle/Trees/Tree Assets/Prefabs/Trees/LOD/No_Bottoms/Apple_Trees/Apple_Tree_Apples_crk_m_01_LOD.prefab using Guid(6802d44059df2df48801e12a06ab2652) Importer(815301076,1909f56bfc062723c751e8b465ee728b) [PhysX] Initialized MultithreadedTaskDispatcher with 12 workers.
[PhysX] Initialized MultithreadedTaskDispatcher with 12 workers.
 -> (artifact id: '456a4ee9a7e290b652c533be72fe70a4') in 0.005852 seconds
Number of updated asset objects reloaded before import = 0
Number of asset objects unloaded after import = 34
========================================================================
Received Import Request.
  Time since last request: 0.000053 seconds.
  path: Assets/LMHPOLY/Low Poly Nature Bundle/Trees/Tree Assets/Prefabs/Trees/LOD/No_Bottoms/Apple_Trees/Apple_Tree_NoLeaves_crk_m_01_LOD.prefab
  artifactKey: Guid(86f19f20ed9328846b66aa8a575a1353) Importer(815301076,1909f56bfc062723c751e8b465ee728b)
Start importing Assets/LMHPOLY/Low Poly Nature Bundle/Trees/Tree Assets/Prefabs/Trees/LOD/No_Bottoms/Apple_Trees/Apple_Tree_NoLeaves_crk_m_01_LOD.prefab using Guid(86f19f20ed9328846b66aa8a575a1353) Importer(815301076,1909f56bfc062723c751e8b465ee728b) [PhysX] Initialized MultithreadedTaskDispatcher with 12 workers.
[PhysX] Initialized MultithreadedTaskDispatcher with 12 workers.
 -> (artifact id: '420ad268c184c264e42d5cd6294897da') in 0.004133 seconds
Number of updated asset objects reloaded before import = 0
Number of asset objects unloaded after import = 34
========================================================================
Received Import Request.
  Time since last request: 0.000034 seconds.
  path: Assets/LMHPOLY/Low Poly Nature Bundle/Trees/Tree Assets/Prefabs/Trees/LOD/No_Bottoms/Apple_Trees/Apple_Tree_s_04_LOD.prefab
  artifactKey: Guid(4b07a6f500ec1544d93fe09d73cb95c7) Importer(815301076,1909f56bfc062723c751e8b465ee728b)
Start importing Assets/LMHPOLY/Low Poly Nature Bundle/Trees/Tree Assets/Prefabs/Trees/LOD/No_Bottoms/Apple_Trees/Apple_Tree_s_04_LOD.prefab using Guid(4b07a6f500ec1544d93fe09d73cb95c7) Importer(815301076,1909f56bfc062723c751e8b465ee728b) [PhysX] Initialized MultithreadedTaskDispatcher with 12 workers.
[PhysX] Initialized MultithreadedTaskDispatcher with 12 workers.
 -> (artifact id: '89dab8f1dfcaf87e2ad8c72d5026dc33') in 0.005046 seconds
Number of updated asset objects reloaded before import = 0
Number of asset objects unloaded after import = 34
========================================================================
Received Import Request.
  Time since last request: 0.000033 seconds.
  path: Assets/LMHPOLY/Low Poly Nature Bundle/Trees/Tree Assets/Prefabs/Trees/LOD/No_Bottoms/Apple_Trees/Apple_Tree_NoLeaves_m_07_LOD.prefab
  artifactKey: Guid(4a0676f96227cb24492abb5788181360) Importer(815301076,1909f56bfc062723c751e8b465ee728b)
Start importing Assets/LMHPOLY/Low Poly Nature Bundle/Trees/Tree Assets/Prefabs/Trees/LOD/No_Bottoms/Apple_Trees/Apple_Tree_NoLeaves_m_07_LOD.prefab using Guid(4a0676f96227cb24492abb5788181360) Importer(815301076,1909f56bfc062723c751e8b465ee728b) [PhysX] Initialized MultithreadedTaskDispatcher with 12 workers.
[PhysX] Initialized MultithreadedTaskDispatcher with 12 workers.
 -> (artifact id: '3ad958b5fa73af30a5e18423aa34165e') in 0.004740 seconds
Number of updated asset objects reloaded before import = 0
Number of asset objects unloaded after import = 40
========================================================================
Received Import Request.
  Time since last request: 0.000035 seconds.
  path: Assets/LMHPOLY/Low Poly Nature Bundle/Trees/Tree Assets/Prefabs/Trees/LOD/No_Bottoms/Apple_Trees/Apple_Tree_Apples_s_01_LOD.prefab
  artifactKey: Guid(54b502dc7dc43fd499713edfc457980a) Importer(815301076,1909f56bfc062723c751e8b465ee728b)
Start importing Assets/LMHPOLY/Low Poly Nature Bundle/Trees/Tree Assets/Prefabs/Trees/LOD/No_Bottoms/Apple_Trees/Apple_Tree_Apples_s_01_LOD.prefab using Guid(54b502dc7dc43fd499713edfc457980a) Importer(815301076,1909f56bfc062723c751e8b465ee728b) [PhysX] Initialized MultithreadedTaskDispatcher with 12 workers.
[PhysX] Initialized MultithreadedTaskDispatcher with 12 workers.
 -> (artifact id: 'aca3c360fe7ceae4207f3518f470273c') in 0.004635 seconds
Number of updated asset objects reloaded before import = 0
Number of asset objects unloaded after import = 28
========================================================================
Received Import Request.
  Time since last request: 0.000058 seconds.
  path: Assets/LMHPOLY/Low Poly Nature Bundle/Trees/Tree Assets/Prefabs/Trees/LOD/No_Bottoms/Apple_Trees/Apple_Tree_Apples_s_04_LOD.prefab
  artifactKey: Guid(e42c3d98884b94243b78f6573b1bdde2) Importer(815301076,1909f56bfc062723c751e8b465ee728b)
Start importing Assets/LMHPOLY/Low Poly Nature Bundle/Trees/Tree Assets/Prefabs/Trees/LOD/No_Bottoms/Apple_Trees/Apple_Tree_Apples_s_04_LOD.prefab using Guid(e42c3d98884b94243b78f6573b1bdde2) Importer(815301076,1909f56bfc062723c751e8b465ee728b) [PhysX] Initialized MultithreadedTaskDispatcher with 12 workers.
[PhysX] Initialized MultithreadedTaskDispatcher with 12 workers.
 -> (artifact id: '0716ba698b82e4cf031d61f365ba113d') in 0.006371 seconds
Number of updated asset objects reloaded before import = 0
Number of asset objects unloaded after import = 34
========================================================================
Received Import Request.
  Time since last request: 0.000038 seconds.
  path: Assets/LMHPOLY/Low Poly Nature Bundle/Trees/Tree Assets/Prefabs/Trees/LOD/No_Bottoms/Apple_Trees/Apple_Tree_Apples_crk_m_04_LOD.prefab
  artifactKey: Guid(8fd8833271a109840b39c7d5d317f13e) Importer(815301076,1909f56bfc062723c751e8b465ee728b)
Start importing Assets/LMHPOLY/Low Poly Nature Bundle/Trees/Tree Assets/Prefabs/Trees/LOD/No_Bottoms/Apple_Trees/Apple_Tree_Apples_crk_m_04_LOD.prefab using Guid(8fd8833271a109840b39c7d5d317f13e) Importer(815301076,1909f56bfc062723c751e8b465ee728b) [PhysX] Initialized MultithreadedTaskDispatcher with 12 workers.
[PhysX] Initialized MultithreadedTaskDispatcher with 12 workers.
 -> (artifact id: 'c935f3cc60f50b3730902d7bbf2c5eec') in 0.005804 seconds
Number of updated asset objects reloaded before import = 0
Number of asset objects unloaded after import = 40
========================================================================
Received Import Request.
  Time since last request: 0.000064 seconds.
  path: Assets/LMHPOLY/Low Poly Nature Bundle/Trees/Tree Assets/Prefabs/Trees/LOD/No_Bottoms/Apple_Trees/Apple_Tree_m_04_LOD.prefab
  artifactKey: Guid(bc91d7b9ffc04c34c91f9c1bf81a33b1) Importer(815301076,1909f56bfc062723c751e8b465ee728b)
Start importing Assets/LMHPOLY/Low Poly Nature Bundle/Trees/Tree Assets/Prefabs/Trees/LOD/No_Bottoms/Apple_Trees/Apple_Tree_m_04_LOD.prefab using Guid(bc91d7b9ffc04c34c91f9c1bf81a33b1) Importer(815301076,1909f56bfc062723c751e8b465ee728b) [PhysX] Initialized MultithreadedTaskDispatcher with 12 workers.
[PhysX] Initialized MultithreadedTaskDispatcher with 12 workers.
 -> (artifact id: '5e39c4594a3f6058ad6f210d26a6f5c8') in 0.004627 seconds
Number of updated asset objects reloaded before import = 0
Number of asset objects unloaded after import = 34
========================================================================
Received Import Request.
  Time since last request: 0.000030 seconds.
  path: Assets/LMHPOLY/Low Poly Nature Bundle/Trees/Tree Assets/Prefabs/Trees/LOD/No_Bottoms/Apple_Trees/Apple_Tree_m_06_LOD.prefab
  artifactKey: Guid(0bc3790b686ff2a4b86932f84bff477b) Importer(815301076,1909f56bfc062723c751e8b465ee728b)
Start importing Assets/LMHPOLY/Low Poly Nature Bundle/Trees/Tree Assets/Prefabs/Trees/LOD/No_Bottoms/Apple_Trees/Apple_Tree_m_06_LOD.prefab using Guid(0bc3790b686ff2a4b86932f84bff477b) Importer(815301076,1909f56bfc062723c751e8b465ee728b) [PhysX] Initialized MultithreadedTaskDispatcher with 12 workers.
[PhysX] Initialized MultithreadedTaskDispatcher with 12 workers.
 -> (artifact id: '67ed33ce21e82cd9fe387078a7e40f11') in 0.004682 seconds
Number of updated asset objects reloaded before import = 0
Number of asset objects unloaded after import = 34
========================================================================
Received Import Request.
  Time since last request: 0.000164 seconds.
  path: Assets/LMHPOLY/Low Poly Nature Bundle/Trees/Tree Assets/Prefabs/Trees/LOD/No_Bottoms/Apple_Trees/Apple_Tree_s_03_LOD.prefab
  artifactKey: Guid(d468182bf47653144b911fec02d06c00) Importer(815301076,1909f56bfc062723c751e8b465ee728b)
Start importing Assets/LMHPOLY/Low Poly Nature Bundle/Trees/Tree Assets/Prefabs/Trees/LOD/No_Bottoms/Apple_Trees/Apple_Tree_s_03_LOD.prefab using Guid(d468182bf47653144b911fec02d06c00) Importer(815301076,1909f56bfc062723c751e8b465ee728b) [PhysX] Initialized MultithreadedTaskDispatcher with 12 workers.
[PhysX] Initialized MultithreadedTaskDispatcher with 12 workers.
 -> (artifact id: '11b9b31ba02a9160ff5b7acbb30af833') in 0.004788 seconds
Number of updated asset objects reloaded before import = 0
Number of asset objects unloaded after import = 28
========================================================================
Received Import Request.
  Time since last request: 0.000038 seconds.
  path: Assets/LMHPOLY/Low Poly Nature Bundle/Trees/Tree Assets/Prefabs/Trees/LOD/No_Bottoms/Apple_Trees/Apple_Tree_m_02_LOD.prefab
  artifactKey: Guid(726b35f9f5e1ebc428de41be7e9fc15f) Importer(815301076,1909f56bfc062723c751e8b465ee728b)
Start importing Assets/LMHPOLY/Low Poly Nature Bundle/Trees/Tree Assets/Prefabs/Trees/LOD/No_Bottoms/Apple_Trees/Apple_Tree_m_02_LOD.prefab using Guid(726b35f9f5e1ebc428de41be7e9fc15f) Importer(815301076,1909f56bfc062723c751e8b465ee728b) [PhysX] Initialized MultithreadedTaskDispatcher with 12 workers.
[PhysX] Initialized MultithreadedTaskDispatcher with 12 workers.
 -> (artifact id: '45f2966801d4bd9726310cfa9e1e3f00') in 0.004484 seconds
Number of updated asset objects reloaded before import = 0
Number of asset objects unloaded after import = 34
========================================================================
Received Import Request.
  Time since last request: 0.000032 seconds.
  path: Assets/LMHPOLY/Low Poly Nature Bundle/Trees/Tree Assets/Prefabs/Trees/LOD/No_Bottoms/Apple_Trees/Apple_Tree_NoLeaves_s_01_LOD.prefab
  artifactKey: Guid(cbe7bfe7826b81443ac27b9818ae2db0) Importer(815301076,1909f56bfc062723c751e8b465ee728b)
Start importing Assets/LMHPOLY/Low Poly Nature Bundle/Trees/Tree Assets/Prefabs/Trees/LOD/No_Bottoms/Apple_Trees/Apple_Tree_NoLeaves_s_01_LOD.prefab using Guid(cbe7bfe7826b81443ac27b9818ae2db0) Importer(815301076,1909f56bfc062723c751e8b465ee728b) [PhysX] Initialized MultithreadedTaskDispatcher with 12 workers.
[PhysX] Initialized MultithreadedTaskDispatcher with 12 workers.
 -> (artifact id: '699b75d4000949824cf525d5710ee9d5') in 0.004211 seconds
Number of updated asset objects reloaded before import = 0
Number of asset objects unloaded after import = 28
========================================================================
Received Import Request.
  Time since last request: 0.000050 seconds.
  path: Assets/LMHPOLY/Low Poly Nature Bundle/Trees/Tree Assets/Prefabs/Trees/LOD/No_Bottoms/Apple_Trees/Apple_Tree_Apples_m_02_LOD.prefab
  artifactKey: Guid(631bfbd622472344ebebcfc14b89b726) Importer(815301076,1909f56bfc062723c751e8b465ee728b)
Start importing Assets/LMHPOLY/Low Poly Nature Bundle/Trees/Tree Assets/Prefabs/Trees/LOD/No_Bottoms/Apple_Trees/Apple_Tree_Apples_m_02_LOD.prefab using Guid(631bfbd622472344ebebcfc14b89b726) Importer(815301076,1909f56bfc062723c751e8b465ee728b) [PhysX] Initialized MultithreadedTaskDispatcher with 12 workers.
[PhysX] Initialized MultithreadedTaskDispatcher with 12 workers.
 -> (artifact id: 'c24073e82d15ec08b662186a6a516c2f') in 0.005458 seconds
Number of updated asset objects reloaded before import = 0
Number of asset objects unloaded after import = 34
========================================================================
Received Import Request.
  Time since last request: 0.000036 seconds.
  path: Assets/LMHPOLY/Low Poly Nature Bundle/Trees/Tree Assets/Prefabs/Trees/LOD/No_Bottoms/Apple_Trees/Apple_Tree_Apples_m_05_LOD.prefab
  artifactKey: Guid(ab983b64e5578bf4aaaa553ec595ba37) Importer(815301076,1909f56bfc062723c751e8b465ee728b)
Start importing Assets/LMHPOLY/Low Poly Nature Bundle/Trees/Tree Assets/Prefabs/Trees/LOD/No_Bottoms/Apple_Trees/Apple_Tree_Apples_m_05_LOD.prefab using Guid(ab983b64e5578bf4aaaa553ec595ba37) Importer(815301076,1909f56bfc062723c751e8b465ee728b) [PhysX] Initialized MultithreadedTaskDispatcher with 12 workers.
[PhysX] Initialized MultithreadedTaskDispatcher with 12 workers.
 -> (artifact id: '7490c31b8b12dcc8eba8e21019e287f2') in 0.004267 seconds
Number of updated asset objects reloaded before import = 0
Number of asset objects unloaded after import = 34
========================================================================
Received Import Request.
  Time since last request: 0.000030 seconds.
  path: Assets/LMHPOLY/Low Poly Nature Bundle/Trees/Tree Assets/Prefabs/Trees/LOD/No_Bottoms/Apple_Trees/Apple_Tree_Apples_crk_s_02_LOD.prefab
  artifactKey: Guid(49aadd6dc10da4342974bc01801906df) Importer(815301076,1909f56bfc062723c751e8b465ee728b)
Start importing Assets/LMHPOLY/Low Poly Nature Bundle/Trees/Tree Assets/Prefabs/Trees/LOD/No_Bottoms/Apple_Trees/Apple_Tree_Apples_crk_s_02_LOD.prefab using Guid(49aadd6dc10da4342974bc01801906df) Importer(815301076,1909f56bfc062723c751e8b465ee728b) [PhysX] Initialized MultithreadedTaskDispatcher with 12 workers.
[PhysX] Initialized MultithreadedTaskDispatcher with 12 workers.
 -> (artifact id: 'dc9da2a9f03a6cb1fd5170cbb9ff5323') in 0.004656 seconds
Number of updated asset objects reloaded before import = 0
Number of asset objects unloaded after import = 28
========================================================================
Received Import Request.
  Time since last request: 0.000513 seconds.
  path: Assets/LMHPOLY/Low Poly Nature Bundle/Trees/Tree Assets/Prefabs/Trees/LOD/No_Bottoms/Apple_Trees/Apple_Tree_NoLeaves_crk_m_03_LOD.prefab
  artifactKey: Guid(7a4416cbc5c907247b6f440d76f04544) Importer(815301076,1909f56bfc062723c751e8b465ee728b)
Start importing Assets/LMHPOLY/Low Poly Nature Bundle/Trees/Tree Assets/Prefabs/Trees/LOD/No_Bottoms/Apple_Trees/Apple_Tree_NoLeaves_crk_m_03_LOD.prefab using Guid(7a4416cbc5c907247b6f440d76f04544) Importer(815301076,1909f56bfc062723c751e8b465ee728b) [PhysX] Initialized MultithreadedTaskDispatcher with 12 workers.
[PhysX] Initialized MultithreadedTaskDispatcher with 12 workers.
 -> (artifact id: '8acfe4481361967124acaa568f60e0ea') in 0.005354 seconds
Number of updated asset objects reloaded before import = 0
Number of asset objects unloaded after import = 40
========================================================================
Received Import Request.
  Time since last request: 0.000041 seconds.
  path: Assets/LMHPOLY/Low Poly Nature Bundle/Trees/Tree Assets/Prefabs/Trees/LOD/No_Bottoms/Apple_Trees/Apple_Tree_m_01_LOD.prefab
  artifactKey: Guid(03c3278bd8d30bd4fa8bb03391650656) Importer(815301076,1909f56bfc062723c751e8b465ee728b)
Start importing Assets/LMHPOLY/Low Poly Nature Bundle/Trees/Tree Assets/Prefabs/Trees/LOD/No_Bottoms/Apple_Trees/Apple_Tree_m_01_LOD.prefab using Guid(03c3278bd8d30bd4fa8bb03391650656) Importer(815301076,1909f56bfc062723c751e8b465ee728b) [PhysX] Initialized MultithreadedTaskDispatcher with 12 workers.
[PhysX] Initialized MultithreadedTaskDispatcher with 12 workers.
 -> (artifact id: 'a8e266f8afc29c7673beb9ada1621b75') in 0.004110 seconds
Number of updated asset objects reloaded before import = 0
Number of asset objects unloaded after import = 34
========================================================================
Received Import Request.
  Time since last request: 0.000026 seconds.
  path: Assets/LMHPOLY/Low Poly Nature Bundle/Trees/Tree Assets/Prefabs/Trees/LOD/No_Bottoms/Apple_Trees/Apple_Tree_Apples_m_04_LOD.prefab
  artifactKey: Guid(630e03bfe005c594fafb49a9a7dcacd2) Importer(815301076,1909f56bfc062723c751e8b465ee728b)
Start importing Assets/LMHPOLY/Low Poly Nature Bundle/Trees/Tree Assets/Prefabs/Trees/LOD/No_Bottoms/Apple_Trees/Apple_Tree_Apples_m_04_LOD.prefab using Guid(630e03bfe005c594fafb49a9a7dcacd2) Importer(815301076,1909f56bfc062723c751e8b465ee728b) [PhysX] Initialized MultithreadedTaskDispatcher with 12 workers.
[PhysX] Initialized MultithreadedTaskDispatcher with 12 workers.
 -> (artifact id: '3da2d5f9383ad9c64838c7cd1875d50f') in 0.005288 seconds
Number of updated asset objects reloaded before import = 0
Number of asset objects unloaded after import = 34
========================================================================
Received Import Request.
  Time since last request: 0.000027 seconds.
  path: Assets/LMHPOLY/Low Poly Nature Bundle/Trees/Tree Assets/Prefabs/Trees/LOD/No_Bottoms/Apple_Trees/Apple_Tree_NoLeaves_s_02_LOD.prefab
  artifactKey: Guid(0a273e7a3c940704db967c1fa906cba8) Importer(815301076,1909f56bfc062723c751e8b465ee728b)
Start importing Assets/LMHPOLY/Low Poly Nature Bundle/Trees/Tree Assets/Prefabs/Trees/LOD/No_Bottoms/Apple_Trees/Apple_Tree_NoLeaves_s_02_LOD.prefab using Guid(0a273e7a3c940704db967c1fa906cba8) Importer(815301076,1909f56bfc062723c751e8b465ee728b) [PhysX] Initialized MultithreadedTaskDispatcher with 12 workers.
[PhysX] Initialized MultithreadedTaskDispatcher with 12 workers.
 -> (artifact id: '0bf7075662c2e441c48ac36442255842') in 0.005647 seconds
Number of updated asset objects reloaded before import = 0
Number of asset objects unloaded after import = 28
========================================================================
Received Import Request.
  Time since last request: 0.000037 seconds.
  path: Assets/LMHPOLY/Low Poly Nature Bundle/Trees/Tree Assets/Prefabs/Trees/LOD/No_Bottoms/Apple_Trees/Apple_Tree_Apples_m_01_LOD.prefab
  artifactKey: Guid(b0327e7f373bd8a4fa293956b47c3f0d) Importer(815301076,1909f56bfc062723c751e8b465ee728b)
Start importing Assets/LMHPOLY/Low Poly Nature Bundle/Trees/Tree Assets/Prefabs/Trees/LOD/No_Bottoms/Apple_Trees/Apple_Tree_Apples_m_01_LOD.prefab using Guid(b0327e7f373bd8a4fa293956b47c3f0d) Importer(815301076,1909f56bfc062723c751e8b465ee728b) [PhysX] Initialized MultithreadedTaskDispatcher with 12 workers.
[PhysX] Initialized MultithreadedTaskDispatcher with 12 workers.
 -> (artifact id: '4b224f98462e59425ba7f50d8e33341a') in 0.004759 seconds
Number of updated asset objects reloaded before import = 0
Number of asset objects unloaded after import = 34
========================================================================
Received Import Request.
  Time since last request: 0.000027 seconds.
  path: Assets/LMHPOLY/Low Poly Nature Bundle/Trees/Tree Assets/Prefabs/Trees/LOD/No_Bottoms/Apple_Trees/Apple_Tree_NoLeaves_m_01_LOD.prefab
  artifactKey: Guid(4a5b4da7f7e45fb4e98c8f844b1d8436) Importer(815301076,1909f56bfc062723c751e8b465ee728b)
Start importing Assets/LMHPOLY/Low Poly Nature Bundle/Trees/Tree Assets/Prefabs/Trees/LOD/No_Bottoms/Apple_Trees/Apple_Tree_NoLeaves_m_01_LOD.prefab using Guid(4a5b4da7f7e45fb4e98c8f844b1d8436) Importer(815301076,1909f56bfc062723c751e8b465ee728b) [PhysX] Initialized MultithreadedTaskDispatcher with 12 workers.
[PhysX] Initialized MultithreadedTaskDispatcher with 12 workers.
 -> (artifact id: '08091c7bd78b4a98175436209064ca23') in 0.004578 seconds
Number of updated asset objects reloaded before import = 0
Number of asset objects unloaded after import = 34
========================================================================
Received Import Request.
  Time since last request: 0.000081 seconds.
  path: Assets/LMHPOLY/Low Poly Nature Bundle/Trees/Tree Assets/Prefabs/Trees/LOD/No_Bottoms/Apple_Trees/Apple_Tree_Apples_crk_m_03_LOD.prefab
  artifactKey: Guid(8e3873d093549fc4486c39d8f1502ae4) Importer(815301076,1909f56bfc062723c751e8b465ee728b)
Start importing Assets/LMHPOLY/Low Poly Nature Bundle/Trees/Tree Assets/Prefabs/Trees/LOD/No_Bottoms/Apple_Trees/Apple_Tree_Apples_crk_m_03_LOD.prefab using Guid(8e3873d093549fc4486c39d8f1502ae4) Importer(815301076,1909f56bfc062723c751e8b465ee728b) [PhysX] Initialized MultithreadedTaskDispatcher with 12 workers.
[PhysX] Initialized MultithreadedTaskDispatcher with 12 workers.
 -> (artifact id: '7d40d9e5ae428534469a4b6c2ecd5a14') in 0.004293 seconds
Number of updated asset objects reloaded before import = 0
Number of asset objects unloaded after import = 40
========================================================================
Received Import Request.
  Time since last request: 0.000041 seconds.
  path: Assets/LMHPOLY/Low Poly Nature Bundle/Trees/Tree Assets/Prefabs/Trees/LOD/No_Bottoms/Apple_Trees/Apple_Tree_NoLeaves_crk_m_02_LOD.prefab
  artifactKey: Guid(238fa523da93c7344aacf914b02021a0) Importer(815301076,1909f56bfc062723c751e8b465ee728b)
Start importing Assets/LMHPOLY/Low Poly Nature Bundle/Trees/Tree Assets/Prefabs/Trees/LOD/No_Bottoms/Apple_Trees/Apple_Tree_NoLeaves_crk_m_02_LOD.prefab using Guid(238fa523da93c7344aacf914b02021a0) Importer(815301076,1909f56bfc062723c751e8b465ee728b) [PhysX] Initialized MultithreadedTaskDispatcher with 12 workers.
[PhysX] Initialized MultithreadedTaskDispatcher with 12 workers.
 -> (artifact id: '3300d84a1a0eaf1b03a4deb754d6a1a1') in 0.004099 seconds
Number of updated asset objects reloaded before import = 0
Number of asset objects unloaded after import = 28
========================================================================
Received Prepare
Caller must complete domain reload
Begin MonoManager ReloadAssembly
Thread 0x16e793000 may have been prematurely finalized
Symbol file LoadedFromMemory is not a mono symbol file
Symbol file LoadedFromMemory is not a mono symbol file
- Loaded All Assemblies, in  0.260 seconds
Native extension for iOS target not found
Native extension for Android target not found
Native extension for OSXStandalone target not found
Mono: successfully reloaded assembly
- Finished resetting the current domain, in  0.779 seconds
Domain Reload Profiling: 1039ms
	BeginReloadAssembly (81ms)
		ExecutionOrderSort (0ms)
		DisableScriptedObjects (2ms)
		BackupInstance (0ms)
		ReleaseScriptingObjects (0ms)
		CreateAndSetChildDomain (28ms)
	RebuildCommonClasses (20ms)
	RebuildNativeTypeToScriptingClass (7ms)
	initialDomainReloadingComplete (13ms)
	LoadAllAssembliesAndSetupDomain (138ms)
		LoadAssemblies (156ms)
		RebuildTransferFunctionScriptingTraits (0ms)
		AnalyzeDomain (12ms)
			TypeCache.Refresh (6ms)
				TypeCache.ScanAssembly (0ms)
			ScanForSourceGeneratedMonoScriptInfo (0ms)
			ResolveRequiredComponents (5ms)
	FinalizeReload (779ms)
		ReleaseScriptCaches (0ms)
		RebuildScriptCaches (0ms)
		SetupLoadedEditorAssemblies (295ms)
			LogAssemblyErrors (0ms)
			InitializePlatformSupportModulesInManaged (17ms)
			SetLoadedEditorAssemblies (2ms)
			RefreshPlugins (0ms)
			BeforeProcessingInitializeOnLoad (31ms)
			ProcessInitializeOnLoadAttributes (234ms)
			ProcessInitializeOnLoadMethodAttributes (10ms)
			AfterProcessingInitializeOnLoad (1ms)
			EditorAssembliesLoaded (0ms)
		ExecutionOrderSort2 (0ms)
		AwakeInstancesAfterBackupRestoration (2ms)
Refreshing native plugins compatible for Editor in 3.04 ms, found 2 plugins.
Preloading 0 native plugins for Editor in 0.00 ms.
Unloading 3821 Unused Serialized files (Serialized files now loaded: 0)
Unloading 21 unused Assets / (32.2 KB). Loaded Objects now: 4343.
Memory consumption went from 175.2 MB to 175.1 MB.
Total: 2.854458 ms (FindLiveObjects: 0.146417 ms CreateObjectMapping: 0.064958 ms MarkObjects: 2.605334 ms  DeleteObjects: 0.037166 ms)

Prepare: number of updated asset objects reloaded= 0
AssetImportParameters requested are different than current active one (requested -> active):
  custom:container-demuxer-ogg: 62fdf1f143b41e24485cea50d1cbac27 -> 
  custom:video-decoder-ogg-theora: a1e56fd34408186e4bbccfd4996cb3dc -> 
  custom:CustomObjectIndexerAttribute: 9a22284fe3817be447336de3de66b15e -> 
  custom:container-demuxer-webm: 4f35f7cbe854078d1ac9338744f61a02 -> 
  custom:container-muxer-webm: aa71ff27fc2769a1b78a27578f13a17b -> 
  custom:video-decoder-webm-vp8: 9c59270c3fd7afecdb556c50c9e8de78 -> 
  custom:SearchIndexIgnoredProperties: e643bd26f0fe6173181afceb89e7c659 -> 
  custom:AudioImporter_EditorPlatform: 3918e3fc78b5a79bad01e8451be0beb8 -> 
  custom:framework-osx-AVFoundation: e770b220cccbd017edd2c1fefb359320 -> 
  custom:video-encoder-webm-vp8: eb34c28f22e8b96e1ab97ce403110664 -> 
  custom:audio-decoder-ogg-vorbis: bf7c407c2cedff20999df2af8eb42d56 -> 
  custom:audio-encoder-webm-vorbis: bf7c407c2cedff20999df2af8eb42d56 -> 
========================================================================
Received Import Request.
  Time since last request: 230.005156 seconds.
  path: Assets/Mapbox/GreenAreaSpawnModifier.asset
  artifactKey: Guid(268f4b2af8ab14ea384d6671bbeb9825) Importer(815301076,1909f56bfc062723c751e8b465ee728b)
Start importing Assets/Mapbox/GreenAreaSpawnModifier.asset using Guid(268f4b2af8ab14ea384d6671bbeb9825) Importer(815301076,1909f56bfc062723c751e8b465ee728b) [PhysX] Initialized MultithreadedTaskDispatcher with 12 workers.
 -> (artifact id: '85c0438bf21dc8d1c969564700e896e4') in 0.013187 seconds
Number of updated asset objects reloaded before import = 0
Number of asset objects unloaded after import = 99
TcpMessagingSession - receive error
AssetImportWorkerClient::OnTransportError - code=2 error=End of file
